<?xml version="1.0" encoding="UTF-8" standalone="yes"?>
<!DOCTYPE report PUBLIC "-//JACOCO//DTD Report 1.1//EN" "report.dtd">
<report name="JaCoCo Coverage Report">
  <sessioninfo id="Air-de-Marcos-d1163a6f" start="1623800523696" dump="1623800524337"/>
  <package name="mdc">
    <class name="mdc/MDC" sourcefilename="MDC.java">
      <method name="&lt;init&gt;" desc="()V" line="3">
        <counter type="INSTRUCTION" missed="0" covered="3"/>
        <counter type="LINE" missed="0" covered="1"/>
        <counter type="COMPLEXITY" missed="0" covered="1"/>
        <counter type="METHOD" missed="0" covered="1"/>
      </method>
      <method name="calcularMDC" desc="(II)I" line="6">
        <counter type="INSTRUCTION" missed="2" covered="41"/>
        <counter type="BRANCH" missed="2" covered="8"/>
        <counter type="LINE" missed="1" covered="15"/>
        <counter type="COMPLEXITY" missed="2" covered="4"/>
        <counter type="METHOD" missed="0" covered="1"/>
      </method>
      <counter type="INSTRUCTION" missed="2" covered="44"/>
      <counter type="BRANCH" missed="2" covered="8"/>
      <counter type="LINE" missed="1" covered="16"/>
      <counter type="COMPLEXITY" missed="2" covered="5"/>
      <counter type="METHOD" missed="0" covered="2"/>
      <counter type="CLASS" missed="0" covered="1"/>
    </class>
    <sourcefile name="MDC.java">
      <line nr="3" mi="0" ci="3" mb="0" cb="0"/>
      <line nr="6" mi="0" ci="2" mb="0" cb="0"/>
      <line nr="11" mi="0" ci="4" mb="1" cb="3"/>
      <line nr="12" mi="0" ci="3" mb="1" cb="1"/>
      <line nr="14" mi="0" ci="3" mb="0" cb="2"/>
      <line nr="15" mi="0" ci="2" mb="0" cb="0"/>
      <line nr="16" mi="0" ci="3" mb="0" cb="0"/>
      <line nr="18" mi="0" ci="2" mb="0" cb="0"/>
      <line nr="19" mi="0" ci="2" mb="0" cb="0"/>
      <line nr="22" mi="0" ci="4" mb="0" cb="0"/>
      <line nr="23" mi="0" ci="2" mb="0" cb="2"/>
      <line nr="24" mi="0" ci="2" mb="0" cb="0"/>
      <line nr="25" mi="0" ci="2" mb="0" cb="0"/>
      <line nr="26" mi="0" ci="5" mb="0" cb="0"/>
      <line nr="28" mi="0" ci="3" mb="0" cb="0"/>
      <line nr="30" mi="2" ci="0" mb="0" cb="0"/>
      <line nr="33" mi="0" ci="2" mb="0" cb="0"/>
      <counter type="INSTRUCTION" missed="2" covered="44"/>
      <counter type="BRANCH" missed="2" covered="8"/>
      <counter type="LINE" missed="1" covered="16"/>
      <counter type="COMPLEXITY" missed="2" covered="5"/>
      <counter type="METHOD" missed="0" covered="2"/>
      <counter type="CLASS" missed="0" covered="1"/>
    </sourcefile>
    <counter type="INSTRUCTION" missed="2" covered="44"/>
    <counter type="BRANCH" missed="2" covered="8"/>
    <counter type="LINE" missed="1" covered="16"/>
    <counter type="COMPLEXITY" missed="2" covered="5"/>
    <counter type="METHOD" missed="0" covered="2"/>
    <counter type="CLASS" missed="0" covered="1"/>
  </package>
  <counter type="INSTRUCTION" missed="2" covered="44"/>
  <counter type="BRANCH" missed="2" covered="8"/>
  <counter type="LINE" missed="1" covered="16"/>
  <counter type="COMPLEXITY" missed="2" covered="5"/>
  <counter type="METHOD" missed="0" covered="2"/>
  <counter type="CLASS" missed="0" covered="1"/>
</report>
